--------------------------------------------------------------------------------
Release 12.1 Trace  (nt64)
Copyright (c) 1995-2010 Xilinx, Inc.  All rights reserved.

C:\Xilinx\12.1\ISE_DS\ISE\bin\nt64\unwrapped\trce.exe -l 30 -u 30
fpga_pdua_v1.ncd
C:\Users\Daares1\Documents\Dropbox\Pro_Arquitecturas\ProjectOutputs\Default - All Constraints\FPGA_PDUA_V1_map.pcf

Design file:              fpga_pdua_v1.ncd
Physical constraint file: FPGA_PDUA_V1_map.pcf
Device,package,speed:     xc3s1400an,fgg676,-4 (PRODUCTION 1.41 2010-04-09)
Report level:             summary report, limited to 0 items per constraint
                          unconstrained path report, limited to 30 items

Environment Variable      Effect 
--------------------      ------ 
NONE                      No environment variables were set
--------------------------------------------------------------------------------

INFO:Timing:2698 - No timing constraints found, doing default enumeration.
INFO:Timing:3339 - The clock-to-out numbers in this timing report are based on 
   a 50 Ohm transmission line loading model.  For the details of this model, 
   and for more information on accounting for different loading conditions, 
   please see the device datasheet.
INFO:Timing:3390 - This architecture does not support a default System Jitter 
   value, please add SYSTEM_JITTER constraint to the UCF to modify the Clock 
   Uncertainty calculation.
INFO:Timing:3389 - This architecture does not support 'Discrete Jitter' and 
   'Phase Error' calculations, these terms will be zero in the Clock 
   Uncertainty calculation.  Please make appropriate modification to 
   SYSTEM_JITTER to account for the unsupported Discrete Jitter and Phase 
   Error.

Data Sheet report:
-----------------
All values displayed in nanoseconds (ns)

Setup/Hold to clock JTAG_NEXUS_TCK
--------------+------------+------------+------------------+--------+
              |Max Setup to|Max Hold to |                  | Clock  |
Source        | clk (edge) | clk (edge) |Internal Clock(s) | Phase  |
--------------+------------+------------+------------------+--------+
JTAG_NEXUS_TDI|    1.528(R)|    0.356(R)|n10c              |   0.000|
JTAG_NEXUS_TMS|    4.004(R)|    0.099(R)|n10c              |   0.000|
--------------+------------+------------+------------------+--------+

Clock JTAG_NEXUS_TCK to Pad
--------------+------------+------------------+--------+
              | clk (edge) |                  | Clock  |
Destination   |   to PAD   |Internal Clock(s) | Phase  |
--------------+------------+------------------+--------+
JTAG_NEXUS_TDO|   19.443(R)|n10c              |   0.000|
--------------+------------+------------------+--------+

Clock to Setup on destination clock JTAG_NEXUS_TCK
---------------+---------+---------+---------+---------+
               | Src:Rise| Src:Fall| Src:Rise| Src:Fall|
Source Clock   |Dest:Rise|Dest:Rise|Dest:Fall|Dest:Fall|
---------------+---------+---------+---------+---------+
JTAG_NEXUS_TCK |    9.496|    3.553|    3.444|         |
TEST_BUTTON    |   22.312|   23.773|         |         |
---------------+---------+---------+---------+---------+

Clock to Setup on destination clock TEST_BUTTON
---------------+---------+---------+---------+---------+
               | Src:Rise| Src:Fall| Src:Rise| Src:Fall|
Source Clock   |Dest:Rise|Dest:Rise|Dest:Fall|Dest:Fall|
---------------+---------+---------+---------+---------+
JTAG_NEXUS_TCK |         |         |    4.852|         |
---------------+---------+---------+---------+---------+


Analysis completed Thu May 22 23:52:58 2014 
--------------------------------------------------------------------------------

Trace Settings:
-------------------------
Trace Settings 

Peak Memory Usage: 205 MB



